{"C:\\1escolaDeTI\\via-lactea-app\\src\\components\\CardButtonComponent.tsx": {"path":"C:\\1escolaDeTI\\via-lactea-app\\src\\components\\CardButtonComponent.tsx","statementMap":{"0":{"start":{"line":21,"column":54},"end":{"line":74,"column":1}},"1":{"start":{"line":22,"column":21},"end":{"line":22,"column":36}},"2":{"start":{"line":24,"column":2},"end":{"line":73,"column":4}},"3":{"start":{"line":27,"column":8},"end":{"line":27,"column":60}},"4":{"start":{"line":31,"column":8},"end":{"line":70,"column":10}}},"fnMap":{"0":{"name":"(anonymous_0)","decl":{"start":{"line":21,"column":54},"end":{"line":21,"column":55}},"loc":{"start":{"line":21,"column":65},"end":{"line":74,"column":1}},"line":21},"1":{"name":"(anonymous_1)","decl":{"start":{"line":26,"column":15},"end":{"line":26,"column":16}},"loc":{"start":{"line":26,"column":21},"end":{"line":28,"column":7}},"line":26},"2":{"name":"(anonymous_2)","decl":{"start":{"line":30,"column":7},"end":{"line":30,"column":8}},"loc":{"start":{"line":30,"column":37},"end":{"line":71,"column":7}},"line":30}},"branchMap":{"0":{"loc":{"start":{"line":40,"column":14},"end":{"line":44,"column":32}},"type":"cond-expr","locations":[{"start":{"line":41,"column":18},"end":{"line":41,"column":32}},{"start":{"line":42,"column":18},"end":{"line":44,"column":32}}],"line":40},"1":{"loc":{"start":{"line":42,"column":18},"end":{"line":44,"column":32}},"type":"cond-expr","locations":[{"start":{"line":43,"column":18},"end":{"line":43,"column":32}},{"start":{"line":44,"column":18},"end":{"line":44,"column":32}}],"line":42},"2":{"loc":{"start":{"line":49,"column":25},"end":{"line":49,"column":45}},"type":"cond-expr","locations":[{"start":{"line":49,"column":37},"end":{"line":49,"column":41}},{"start":{"line":49,"column":44},"end":{"line":49,"column":45}}],"line":49}},"s":{"0":1,"1":1,"2":1,"3":0,"4":1},"f":{"0":1,"1":0,"2":1},"b":{"0":[0,1],"1":[0,1],"2":[0,1]},"_coverageSchema":"1a1c01bbd47fc00a2c39e90264f33305004495a9","hash":"b0668b73687c9bf2ae3e74b4cc3973221051ef4a"}
,"C:\\1escolaDeTI\\via-lactea-app\\src\\components\\PasswordInputComponent.tsx": {"path":"C:\\1escolaDeTI\\via-lactea-app\\src\\components\\PasswordInputComponent.tsx","statementMap":{"0":{"start":{"line":18,"column":57},"end":{"line":54,"column":1}},"1":{"start":{"line":19,"column":26},"end":{"line":19,"column":47}},"2":{"start":{"line":21,"column":2},"end":{"line":25,"column":9}},"3":{"start":{"line":22,"column":4},"end":{"line":24,"column":6}},"4":{"start":{"line":23,"column":6},"end":{"line":23,"column":21}},"5":{"start":{"line":27,"column":2},"end":{"line":53,"column":4}},"6":{"start":{"line":37,"column":38},"end":{"line":37,"column":52}}},"fnMap":{"0":{"name":"(anonymous_0)","decl":{"start":{"line":18,"column":57},"end":{"line":18,"column":58}},"loc":{"start":{"line":18,"column":68},"end":{"line":54,"column":1}},"line":18},"1":{"name":"(anonymous_1)","decl":{"start":{"line":21,"column":18},"end":{"line":21,"column":19}},"loc":{"start":{"line":21,"column":24},"end":{"line":25,"column":3}},"line":21},"2":{"name":"(anonymous_2)","decl":{"start":{"line":22,"column":11},"end":{"line":22,"column":12}},"loc":{"start":{"line":22,"column":17},"end":{"line":24,"column":5}},"line":22},"3":{"name":"(anonymous_3)","decl":{"start":{"line":37,"column":32},"end":{"line":37,"column":33}},"loc":{"start":{"line":37,"column":38},"end":{"line":37,"column":52}},"line":37}},"branchMap":{"0":{"loc":{"start":{"line":35,"column":16},"end":{"line":35,"column":42}},"type":"cond-expr","locations":[{"start":{"line":35,"column":23},"end":{"line":35,"column":29}},{"start":{"line":35,"column":32},"end":{"line":35,"column":42}}],"line":35},"1":{"loc":{"start":{"line":41,"column":26},"end":{"line":41,"column":64}},"type":"cond-expr","locations":[{"start":{"line":41,"column":33},"end":{"line":41,"column":45}},{"start":{"line":41,"column":48},"end":{"line":41,"column":64}}],"line":41}},"s":{"0":1,"1":1,"2":1,"3":0,"4":0,"5":1,"6":0},"f":{"0":1,"1":0,"2":0,"3":0},"b":{"0":[0,1],"1":[0,1]},"_coverageSchema":"1a1c01bbd47fc00a2c39e90264f33305004495a9","hash":"eefc6c81f4ad3c2b7f73f93181319a387c94cd0a"}
}
