TN:
SF:src\components\CardButtonComponent.tsx
FN:21,(anonymous_0)
FN:27,(anonymous_1)
FN:31,(anonymous_2)
FNF:3
FNH:2
FNDA:1,(anonymous_0)
FNDA:0,(anonymous_1)
FNDA:1,(anonymous_2)
DA:21,1
DA:22,1
DA:24,1
DA:28,0
DA:32,1
LF:5
LH:4
BRDA:41,0,0,0
BRDA:41,0,1,1
BRDA:43,1,0,0
BRDA:43,1,1,1
BRDA:50,2,0,0
BRDA:50,2,1,1
BRF:6
BRH:3
end_of_record
TN:
SF:src\components\PasswordInputComponent.tsx
FN:18,(anonymous_0)
FN:21,(anonymous_1)
FN:22,(anonymous_2)
FN:37,(anonymous_3)
FNF:4
FNH:1
FNDA:1,(anonymous_0)
FNDA:0,(anonymous_1)
FNDA:0,(anonymous_2)
FNDA:0,(anonymous_3)
DA:18,1
DA:19,1
DA:21,1
DA:22,0
DA:23,0
DA:27,1
DA:37,0
LF:7
LH:4
BRDA:35,0,0,0
BRDA:35,0,1,1
BRDA:41,1,0,0
BRDA:41,1,1,1
BRF:4
BRH:2
end_of_record
